app/build/intermediates/manifest_merge_blame_file/debug/manifest-merger-blame-debug-report.txt
1<?xml version="1.0" encoding="utf-8"?>
2<manifest xmlns:android="http://schemas.android.com/apk/res/android"
3    package="com.teampansaru.fiveg"
4    android:versionCode="2"
5    android:versionName="1.1" >
6
7    <uses-sdk
8        android:minSdkVersion="30"
9        android:targetSdkVersion="34" />
10
11    <uses-permission android:name="android.permission.ACCESS_NETWORK_STATE" />
11-->src/main/AndroidManifest.xml:5:5-79
11-->src/main/AndroidManifest.xml:5:22-76
12    <uses-permission android:name="android.permission.READ_PHONE_STATE" />
12-->src/main/AndroidManifest.xml:6:5-75
12-->src/main/AndroidManifest.xml:6:22-72
13    <uses-permission android:name="android.permission.FOREGROUND_SERVICE" />
13-->src/main/AndroidManifest.xml:7:5-77
13-->src/main/AndroidManifest.xml:7:22-74
14
15    <application
15-->src/main/AndroidManifest.xml:9:5-42:19
16        android:allowBackup="true"
16-->src/main/AndroidManifest.xml:10:9-35
17        android:appComponentFactory="androidx.core.app.CoreComponentFactory"
17-->[androidx.core:core:1.5.0] AndroidManifest.xml:24:18-86
18        android:debuggable="true"
19        android:extractNativeLibs="false"
20        android:icon="@mipmap/ic_launcher"
20-->src/main/AndroidManifest.xml:11:9-43
21        android:label="@string/app_name"
21-->src/main/AndroidManifest.xml:12:9-41
22        android:roundIcon="@mipmap/ic_launcher_round"
22-->src/main/AndroidManifest.xml:13:9-54
23        android:supportsRtl="true"
23-->src/main/AndroidManifest.xml:14:9-35
24        android:testOnly="true"
25        android:theme="@style/Theme.Fiveg" >
25-->src/main/AndroidManifest.xml:15:9-43
26        <receiver
26-->src/main/AndroidManifest.xml:16:9-26:20
27            android:name="com.teampansaru.fiveg.DancingOldmanWidget"
27-->src/main/AndroidManifest.xml:16:19-54
28            android:exported="true" >
28-->src/main/AndroidManifest.xml:17:13-36
29            <intent-filter>
29-->src/main/AndroidManifest.xml:18:13-21:29
30                <action android:name="android.appwidget.action.APPWIDGET_UPDATE" />
30-->src/main/AndroidManifest.xml:19:17-84
30-->src/main/AndroidManifest.xml:19:25-81
31                <action android:name="com.teampansaru.fiveg.OYAJI_CLICKED" />
31-->src/main/AndroidManifest.xml:20:17-78
31-->src/main/AndroidManifest.xml:20:25-75
32            </intent-filter>
33
34            <meta-data
34-->src/main/AndroidManifest.xml:23:13-25:70
35                android:name="android.appwidget.provider"
35-->src/main/AndroidManifest.xml:24:17-58
36                android:resource="@xml/dancing_oldman_widget_info" />
36-->src/main/AndroidManifest.xml:25:17-67
37        </receiver>
38
39        <service
39-->src/main/AndroidManifest.xml:27:9-32:19
40            android:name="com.teampansaru.fiveg.NetworkService"
40-->src/main/AndroidManifest.xml:27:18-48
41            android:exported="true" >
41-->src/main/AndroidManifest.xml:28:13-36
42            <intent-filter>
42-->src/main/AndroidManifest.xml:29:13-31:29
43                <action android:name="com.teampansaru.fiveg.OYAJI_CLICKED" />
43-->src/main/AndroidManifest.xml:20:17-78
43-->src/main/AndroidManifest.xml:20:25-75
44            </intent-filter>
45        </service>
46
47        <activity
47-->src/main/AndroidManifest.xml:34:9-41:20
48            android:name="com.teampansaru.fiveg.MainActivity"
48-->src/main/AndroidManifest.xml:34:19-47
49            android:exported="true" >
49-->src/main/AndroidManifest.xml:35:13-36
50            <intent-filter>
50-->src/main/AndroidManifest.xml:36:13-40:29
51                <action android:name="android.intent.action.MAIN" />
51-->src/main/AndroidManifest.xml:37:17-69
51-->src/main/AndroidManifest.xml:37:25-66
52
53                <category android:name="android.intent.category.LAUNCHER" />
53-->src/main/AndroidManifest.xml:39:17-77
53-->src/main/AndroidManifest.xml:39:27-74
54            </intent-filter>
55        </activity>
56    </application>
57
58</manifest>